[2017-05-06 10:01:49,759] INFO Starting the log cleaner (kafka.log.LogCleaner)
[2017-05-06 10:01:49,788] INFO [kafka-log-cleaner-thread-0], Starting  (kafka.log.LogCleaner)
[2017-05-06 10:03:04,820] ERROR [kafka-log-cleaner-thread-0], Error due to  (kafka.log.LogCleaner)
java.io.FileNotFoundException: /home/lagoueyte/dev/repos/lagom-gfc/target/lagom-dynamic-projects/lagom-internal-meta-project-kafka/target/kafka_data/cleaner-offset-checkpoint (Aucun fichier ou dossier de ce type)
	at java.io.FileInputStream.open0(Native Method)
	at java.io.FileInputStream.open(FileInputStream.java:195)
	at java.io.FileInputStream.<init>(FileInputStream.java:138)
	at java.io.FileReader.<init>(FileReader.java:72)
	at kafka.server.OffsetCheckpoint.read(OffsetCheckpoint.scala:84)
	at kafka.log.LogCleanerManager$$anonfun$allCleanerCheckpoints$1.apply(LogCleanerManager.scala:71)
	at kafka.log.LogCleanerManager$$anonfun$allCleanerCheckpoints$1.apply(LogCleanerManager.scala:71)
	at scala.collection.TraversableLike$$anonfun$flatMap$1.apply(TraversableLike.scala:241)
	at scala.collection.TraversableLike$$anonfun$flatMap$1.apply(TraversableLike.scala:241)
	at scala.collection.Iterator$class.foreach(Iterator.scala:893)
	at scala.collection.AbstractIterator.foreach(Iterator.scala:1336)
	at scala.collection.MapLike$DefaultValuesIterable.foreach(MapLike.scala:206)
	at scala.collection.TraversableLike$class.flatMap(TraversableLike.scala:241)
	at scala.collection.AbstractTraversable.flatMap(Traversable.scala:104)
	at kafka.log.LogCleanerManager.allCleanerCheckpoints(LogCleanerManager.scala:71)
	at kafka.log.LogCleanerManager$$anonfun$grabFilthiestLog$1.apply(LogCleanerManager.scala:80)
	at kafka.log.LogCleanerManager$$anonfun$grabFilthiestLog$1.apply(LogCleanerManager.scala:79)
	at kafka.utils.CoreUtils$.inLock(CoreUtils.scala:231)
	at kafka.log.LogCleanerManager.grabFilthiestLog(LogCleanerManager.scala:79)
	at kafka.log.LogCleaner$CleanerThread.cleanOrSleep(LogCleaner.scala:229)
	at kafka.log.LogCleaner$CleanerThread.doWork(LogCleaner.scala:215)
	at kafka.utils.ShutdownableThread.run(ShutdownableThread.scala:63)
[2017-05-06 10:03:04,836] INFO [kafka-log-cleaner-thread-0], Stopped  (kafka.log.LogCleaner)
[2017-05-06 10:11:14,933] INFO Shutting down the log cleaner. (kafka.log.LogCleaner)
[2017-05-06 10:11:14,936] INFO [kafka-log-cleaner-thread-0], Shutting down (kafka.log.LogCleaner)
[2017-05-06 10:11:14,936] INFO [kafka-log-cleaner-thread-0], Shutdown completed (kafka.log.LogCleaner)
[2017-05-06 10:11:34,834] INFO Starting the log cleaner (kafka.log.LogCleaner)
[2017-05-06 10:11:34,857] INFO [kafka-log-cleaner-thread-0], Starting  (kafka.log.LogCleaner)
